Построение начато 04.11.2013 19:20:52.
     1>Проект "C:\Users\Станислав\Documents\C++\HomeWork5\Zadacha1\Zadacha1\Zadacha1.vcxproj" в узле 2 (целевые объекты Build).
     1>InitializeBuildStatus:
         Создание "Debug\Zadacha1.unsuccessfulbuild", так как было задано "AlwaysCreate".
       ClCompile:
         C:\Program Files\Microsoft Visual Studio 11.0\VC\bin\CL.exe /c /ZI /nologo /W3 /WX- /Od /Oy- /D WIN32 /D _DEBUG /D _CONSOLE /D _UNICODE /D UNICODE /Gm /EHsc /RTC1 /MDd /GS /fp:precise /Zc:wchar_t /Zc:forScope /Fo"Debug\\" /Fd"Debug\vc110.pdb" /Gd /TP /analyze- /errorReport:prompt spisok.cpp
         spisok.cpp
     1>c:\users\станислав\documents\c++\homework5\zadacha1\zadacha1\spisok.cpp(50): warning C4996: 'strcpy': This function or variable may be unsafe. Consider using strcpy_s instead. To disable deprecation, use _CRT_SECURE_NO_WARNINGS. See online help for details.
                 c:\program files\microsoft visual studio 11.0\vc\include\string.h(110): см. объявление "strcpy"
     1>c:\users\станислав\documents\c++\homework5\zadacha1\zadacha1\spisok.cpp(79): warning C4996: 'strcpy': This function or variable may be unsafe. Consider using strcpy_s instead. To disable deprecation, use _CRT_SECURE_NO_WARNINGS. See online help for details.
                 c:\program files\microsoft visual studio 11.0\vc\include\string.h(110): см. объявление "strcpy"
       Link:
         C:\Program Files\Microsoft Visual Studio 11.0\VC\bin\link.exe /ERRORREPORT:PROMPT /OUT:"C:\Users\Станислав\Documents\C++\HomeWork5\Zadacha1\Debug\Zadacha1.exe" /INCREMENTAL /NOLOGO kernel32.lib user32.lib gdi32.lib winspool.lib comdlg32.lib advapi32.lib shell32.lib ole32.lib oleaut32.lib uuid.lib odbc32.lib odbccp32.lib /MANIFEST /MANIFESTUAC:"level='asInvoker' uiAccess='false'" /manifest:embed /DEBUG /PDB:"C:\Users\Станислав\Documents\C++\HomeWork5\Zadacha1\Debug\Zadacha1.pdb" /SUBSYSTEM:CONSOLE /TLBID:1 /DYNAMICBASE /NXCOMPAT /IMPLIB:"C:\Users\Станислав\Documents\C++\HomeWork5\Zadacha1\Debug\Zadacha1.lib" /MACHINE:X86 Debug\Main.obj
         Debug\spisok.obj
         Zadacha1.vcxproj -> C:\Users\Станислав\Documents\C++\HomeWork5\Zadacha1\Debug\Zadacha1.exe
       FinalizeBuildStatus:
         Файл "Debug\Zadacha1.unsuccessfulbuild" удаляется.
         Обращение к "Debug\Zadacha1.lastbuildstate".
     1>Построение проекта "C:\Users\Станислав\Documents\C++\HomeWork5\Zadacha1\Zadacha1\Zadacha1.vcxproj" завершено (целевые объекты Build).

Построение успешно завершено.

Затраченное время: 00:00:01.02
