Построение начато 24.12.2013 14:36:56.
     1>Проект "J:\C++\HomeWork7\Zadacha2 Binary Search Tree\Zadacha2\Zadacha2.vcxproj" в узле 2 (целевые объекты Build).
     1>InitializeBuildStatus:
         Обращение к "Debug\Zadacha2.unsuccessfulbuild".
       ClCompile:
         Для всех выходных данных обновления не требуется.
         C:\Program Files\Microsoft Visual Studio 11.0\VC\bin\CL.exe /c /ZI /nologo /W3 /WX- /Od /Oy- /D WIN32 /D _DEBUG /D _CONSOLE /D _UNICODE /D UNICODE /Gm /EHsc /RTC1 /MDd /GS /fp:precise /Zc:wchar_t /Zc:forScope /Fo"Debug\\" /Fd"Debug\vc110.pdb" /Gd /TP /analyze- /errorReport:prompt BinarySearchTree.cpp Main.cpp
         Main.cpp
         BinarySearchTree.cpp
         Создание кода...
       Link:
         C:\Program Files\Microsoft Visual Studio 11.0\VC\bin\link.exe /ERRORREPORT:PROMPT /OUT:"J:\C++\HomeWork7\Zadacha2 Binary Search Tree\Debug\Zadacha2.exe" /INCREMENTAL /NOLOGO kernel32.lib user32.lib gdi32.lib winspool.lib comdlg32.lib advapi32.lib shell32.lib ole32.lib oleaut32.lib uuid.lib odbc32.lib odbccp32.lib /MANIFEST /MANIFESTUAC:"level='asInvoker' uiAccess='false'" /manifest:embed /DEBUG /PDB:"J:\C++\HomeWork7\Zadacha2 Binary Search Tree\Debug\Zadacha2.pdb" /SUBSYSTEM:CONSOLE /TLBID:1 /DYNAMICBASE /NXCOMPAT /IMPLIB:"J:\C++\HomeWork7\Zadacha2 Binary Search Tree\Debug\Zadacha2.lib" /MACHINE:X86 Debug\BinarySearchTree.obj
         Debug\Main.obj
         Zadacha2.vcxproj -> J:\C++\HomeWork7\Zadacha2 Binary Search Tree\Debug\Zadacha2.exe
       FinalizeBuildStatus:
         Файл "Debug\Zadacha2.unsuccessfulbuild" удаляется.
         Обращение к "Debug\Zadacha2.lastbuildstate".
     1>Построение проекта "J:\C++\HomeWork7\Zadacha2 Binary Search Tree\Zadacha2\Zadacha2.vcxproj" завершено (целевые объекты Build).

Построение успешно завершено.

Затраченное время: 00:00:16.46
