Build started 23.12.2013 17:08:40.
     1>Project "E:\C++\HomeWork6\Zadacha4 infix-postfix\Zadacha4\Zadacha4.vcxproj" on node 2 (build target(s)).
     1>InitializeBuildStatus:
         Creating "Debug\Zadacha4.unsuccessfulbuild" because "AlwaysCreate" was specified.
       ClCompile:
         c:\Program Files (x86)\Microsoft Visual Studio 10.0\VC\bin\CL.exe /c /ZI /nologo /W3 /WX- /Od /Oy- /D WIN32 /D _DEBUG /D _CONSOLE /D _UNICODE /D UNICODE /Gm /EHsc /RTC1 /MDd /GS /fp:precise /Zc:wchar_t /Zc:forScope /Fo"Debug\\" /Fd"Debug\vc100.pdb" /Gd /TP /analyze- /errorReport:prompt main.cpp stack.cpp
         stack.cpp
         main.cpp
     1>e:\c++\homework6\zadacha4 infix-postfix\zadacha4\main.cpp(68): warning C4018: '<' : signed/unsigned mismatch
         Generating Code...
       ManifestResourceCompile:
         C:\Program Files (x86)\Microsoft SDKs\Windows\v7.0A\bin\rc.exe /nologo /fo"Debug\Zadacha4.exe.embed.manifest.res" Debug\Zadacha4_manifest.rc 
       Link:
         c:\Program Files (x86)\Microsoft Visual Studio 10.0\VC\bin\link.exe /ERRORREPORT:PROMPT /OUT:"E:\C++\HomeWork6\Zadacha4 infix-postfix\Debug\Zadacha4.exe" /INCREMENTAL /NOLOGO kernel32.lib user32.lib gdi32.lib winspool.lib comdlg32.lib advapi32.lib shell32.lib ole32.lib oleaut32.lib uuid.lib odbc32.lib odbccp32.lib /MANIFEST /ManifestFile:"Debug\Zadacha4.exe.intermediate.manifest" /MANIFESTUAC:"level='asInvoker' uiAccess='false'" /DEBUG /PDB:"E:\C++\HomeWork6\Zadacha4 infix-postfix\Debug\Zadacha4.pdb" /SUBSYSTEM:CONSOLE /TLBID:1 /DYNAMICBASE /NXCOMPAT /IMPLIB:"E:\C++\HomeWork6\Zadacha4 infix-postfix\Debug\Zadacha4.lib" /MACHINE:X86 Debug\Zadacha4.exe.embed.manifest.res
         Debug\main.obj
         Debug\stack.obj
       Manifest:
         Deleting file "Debug\Zadacha4.exe.embed.manifest".
         C:\Program Files (x86)\Microsoft SDKs\Windows\v7.0A\bin\mt.exe /nologo /verbose /out:"Debug\Zadacha4.exe.embed.manifest" /manifest Debug\Zadacha4.exe.intermediate.manifest
         C:\Program Files (x86)\Microsoft SDKs\Windows\v7.0A\bin\rc.exe /nologo /fo"Debug\Zadacha4.exe.embed.manifest.res" Debug\Zadacha4_manifest.rc 
       LinkEmbedManifest:
         c:\Program Files (x86)\Microsoft Visual Studio 10.0\VC\bin\link.exe /ERRORREPORT:PROMPT /OUT:"E:\C++\HomeWork6\Zadacha4 infix-postfix\Debug\Zadacha4.exe" /INCREMENTAL /NOLOGO kernel32.lib user32.lib gdi32.lib winspool.lib comdlg32.lib advapi32.lib shell32.lib ole32.lib oleaut32.lib uuid.lib odbc32.lib odbccp32.lib /MANIFEST /ManifestFile:"Debug\Zadacha4.exe.intermediate.manifest" /MANIFESTUAC:"level='asInvoker' uiAccess='false'" /DEBUG /PDB:"E:\C++\HomeWork6\Zadacha4 infix-postfix\Debug\Zadacha4.pdb" /SUBSYSTEM:CONSOLE /TLBID:1 /DYNAMICBASE /NXCOMPAT /IMPLIB:"E:\C++\HomeWork6\Zadacha4 infix-postfix\Debug\Zadacha4.lib" /MACHINE:X86 Debug\Zadacha4.exe.embed.manifest.res
         Debug\main.obj
         Debug\stack.obj
         Zadacha4.vcxproj -> E:\C++\HomeWork6\Zadacha4 infix-postfix\Debug\Zadacha4.exe
       FinalizeBuildStatus:
         Deleting file "Debug\Zadacha4.unsuccessfulbuild".
         Touching "Debug\Zadacha4.lastbuildstate".
     1>Done Building Project "E:\C++\HomeWork6\Zadacha4 infix-postfix\Zadacha4\Zadacha4.vcxproj" (build target(s)).

Build succeeded.

Time Elapsed 00:00:33.58
