Построение начато 24.12.2013 15:05:29.
     1>Проект "J:\C++\HomeWork5\Zadacha2 spisok\Zadacha2\Zadacha2.vcxproj" в узле 2 (целевые объекты Build).
     1>InitializeBuildStatus:
         Создание "Debug\Zadacha2.unsuccessfulbuild", так как было задано "AlwaysCreate".
       ClCompile:
         C:\Program Files\Microsoft Visual Studio 11.0\VC\bin\CL.exe /c /ZI /nologo /W3 /WX- /Od /Oy- /D WIN32 /D _DEBUG /D _CONSOLE /D _UNICODE /D UNICODE /Gm /EHsc /RTC1 /MDd /GS /fp:precise /Zc:wchar_t /Zc:forScope /Fo"Debug\\" /Fd"Debug\vc110.pdb" /Gd /TP /analyze- /errorReport:prompt spisok.cpp Zadacha2.cpp
         Zadacha2.cpp
         spisok.cpp
         Создание кода...
       Link:
         C:\Program Files\Microsoft Visual Studio 11.0\VC\bin\link.exe /ERRORREPORT:PROMPT /OUT:"J:\C++\HomeWork5\Zadacha2 spisok\Debug\Zadacha2.exe" /INCREMENTAL /NOLOGO kernel32.lib user32.lib gdi32.lib winspool.lib comdlg32.lib advapi32.lib shell32.lib ole32.lib oleaut32.lib uuid.lib odbc32.lib odbccp32.lib /MANIFEST /MANIFESTUAC:"level='asInvoker' uiAccess='false'" /manifest:embed /DEBUG /PDB:"J:\C++\HomeWork5\Zadacha2 spisok\Debug\Zadacha2.pdb" /SUBSYSTEM:CONSOLE /TLBID:1 /DYNAMICBASE /NXCOMPAT /IMPLIB:"J:\C++\HomeWork5\Zadacha2 spisok\Debug\Zadacha2.lib" /MACHINE:X86 Debug\spisok.obj
         Debug\Zadacha2.obj
         LINK : не найден или не выполнена сборка J:\C++\HomeWork5\Zadacha2 spisok\Debug\Zadacha2.exe при последней инкрементной компоновке; выполняется полная компоновка
         Zadacha2.vcxproj -> J:\C++\HomeWork5\Zadacha2 spisok\Debug\Zadacha2.exe
       FinalizeBuildStatus:
         Файл "Debug\Zadacha2.unsuccessfulbuild" удаляется.
         Обращение к "Debug\Zadacha2.lastbuildstate".
     1>Построение проекта "J:\C++\HomeWork5\Zadacha2 spisok\Zadacha2\Zadacha2.vcxproj" завершено (целевые объекты Build).

Построение успешно завершено.

Затраченное время: 00:00:09.56
